[debug] [2020-03-30T06:27:42.386Z] ----------------------------------------------------------------------
[debug] [2020-03-30T06:27:42.388Z] Command:       C:\Program Files\nodejs\node.exe C:\Users\jonne\AppData\Roaming\npm\node_modules\firebase-tools\lib\bin\firebase.js serve
[debug] [2020-03-30T06:27:42.388Z] CLI Version:   7.16.1
[debug] [2020-03-30T06:27:42.388Z] Platform:      win32
[debug] [2020-03-30T06:27:42.388Z] Node Version:  v12.16.1
[debug] [2020-03-30T06:27:42.389Z] Time:          Mon Mar 30 2020 09:27:42 GMT+0300 (GMT+03:00)
[debug] [2020-03-30T06:27:42.389Z] ----------------------------------------------------------------------
[debug] [2020-03-30T06:27:42.389Z] 
[debug] [2020-03-30T06:27:42.398Z] > command requires scopes: ["email","openid","https://www.googleapis.com/auth/cloudplatformprojects.readonly","https://www.googleapis.com/auth/firebase","https://www.googleapis.com/auth/cloud-platform"]
[debug] [2020-03-30T06:27:42.398Z] > authorizing via signed-in user
[debug] [2020-03-30T06:27:42.398Z] [iam] checking project korona-data for permissions ["firebase.projects.get"]
[debug] [2020-03-30T06:27:42.401Z] > refreshing access token with scopes: ["email","https://www.googleapis.com/auth/cloud-platform","https://www.googleapis.com/auth/cloudplatformprojects.readonly","https://www.googleapis.com/auth/firebase","openid"]
[debug] [2020-03-30T06:27:42.401Z] >>> HTTP REQUEST POST https://www.googleapis.com/oauth2/v3/token  
 <request body omitted>
[debug] [2020-03-30T06:27:42.568Z] <<< HTTP RESPONSE 200
[debug] [2020-03-30T06:27:42.575Z] >>> HTTP REQUEST POST https://cloudresourcemanager.googleapis.com/v1/projects/korona-data:testIamPermissions  

[debug] [2020-03-30T06:27:42.836Z] <<< HTTP RESPONSE 200
[debug] [2020-03-30T06:27:42.837Z] >>> HTTP REQUEST GET https://firebase.googleapis.com/v1beta1/projects/korona-data  
 
[debug] [2020-03-30T06:27:43.145Z] <<< HTTP RESPONSE 200
[info] 
[info] === Serving from 'C:\Users\jonne\Documents\GitHub\korona-data'...
[info] 
[debug] [2020-03-30T06:27:43.148Z] >>> HTTP REQUEST GET https://firebase.googleapis.com/v1beta1/projects/korona-data/webApps/-/config  
 
[debug] [2020-03-30T06:27:43.905Z] <<< HTTP RESPONSE 200
[info] i  hosting: Serving hosting files from: public
[info] +  hosting: Local server: http://localhost:5000
